  example_wrap.cxx
  file.cpp
  test.cpp
c:\users\yc\downloads\fast-quadric-mesh-simplification-master\src.dll\project1\test.cpp(20): warning C4018: '<': signed/unsigned mismatch
c:\users\yc\downloads\fast-quadric-mesh-simplification-master\src.dll\project1\test.cpp(39): warning C4018: '<': signed/unsigned mismatch
c:\users\yc\downloads\fast-quadric-mesh-simplification-master\src.dll\project1\test.cpp(55): warning C4018: '<': signed/unsigned mismatch
c:\users\yc\downloads\fast-quadric-mesh-simplification-master\src.dll\project1\test.cpp(114): warning C4018: '<': signed/unsigned mismatch
c:\users\yc\downloads\fast-quadric-mesh-simplification-master\src.dll\project1\test.cpp(127): warning C4018: '<': signed/unsigned mismatch
c:\users\yc\downloads\fast-quadric-mesh-simplification-master\src.dll\project1\test.cpp(140): warning C4018: '<': signed/unsigned mismatch
c:\users\yc\downloads\fast-quadric-mesh-simplification-master\src.dll\project1\test.cpp(268): warning C4018: '<': signed/unsigned mismatch
c:\users\yc\downloads\fast-quadric-mesh-simplification-master\src.dll\project1\test.cpp(284): warning C4018: '<': signed/unsigned mismatch
c:\users\yc\downloads\fast-quadric-mesh-simplification-master\src.dll\project1\test.cpp(287): warning C4018: '<': signed/unsigned mismatch
c:\users\yc\downloads\fast-quadric-mesh-simplification-master\src.dll\project1\test.cpp(298): warning C4018: '<': signed/unsigned mismatch
c:\users\yc\downloads\fast-quadric-mesh-simplification-master\src.dll\project1\test.cpp(308): warning C4018: '<': signed/unsigned mismatch
c:\users\yc\downloads\fast-quadric-mesh-simplification-master\src.dll\project1\test.cpp(313): warning C4018: '<': signed/unsigned mismatch
c:\users\yc\downloads\fast-quadric-mesh-simplification-master\src.dll\project1\test.cpp(319): warning C4018: '<': signed/unsigned mismatch
c:\users\yc\downloads\fast-quadric-mesh-simplification-master\src.dll\project1\test.cpp(329): warning C4018: '<': signed/unsigned mismatch
c:\users\yc\downloads\fast-quadric-mesh-simplification-master\src.dll\project1\test.cpp(346): warning C4018: '<': signed/unsigned mismatch
c:\users\yc\downloads\fast-quadric-mesh-simplification-master\src.dll\project1\test.cpp(349): warning C4018: '<': signed/unsigned mismatch
c:\users\yc\downloads\fast-quadric-mesh-simplification-master\src.dll\project1\test.cpp(361): warning C4018: '<': signed/unsigned mismatch
c:\users\yc\downloads\fast-quadric-mesh-simplification-master\src.dll\project1\test.cpp(375): warning C4018: '<': signed/unsigned mismatch
c:\users\yc\downloads\fast-quadric-mesh-simplification-master\src.dll\project1\test.cpp(386): warning C4018: '<': signed/unsigned mismatch
c:\users\yc\downloads\fast-quadric-mesh-simplification-master\src.dll\project1\test.cpp(390): warning C4018: '<': signed/unsigned mismatch
c:\users\yc\downloads\fast-quadric-mesh-simplification-master\src.dll\project1\test.cpp(399): warning C4018: '<': signed/unsigned mismatch
c:\users\yc\downloads\fast-quadric-mesh-simplification-master\src.dll\project1\test.cpp(406): warning C4018: '<': signed/unsigned mismatch
c:\users\yc\downloads\fast-quadric-mesh-simplification-master\src.dll\project1\test.cpp(554): warning C4018: '<': signed/unsigned mismatch
c:\users\yc\downloads\fast-quadric-mesh-simplification-master\src.dll\project1\test.cpp(559): warning C4018: '<': signed/unsigned mismatch
  Generating Code...
     Creating library C:\Users\yc\Downloads\Fast-Quadric-Mesh-Simplification-master\src.dll\Debug\Project1.lib and object C:\Users\yc\Downloads\Fast-Quadric-Mesh-Simplification-master\src.dll\Debug\Project1.exp
  Project1.vcxproj -> C:\Users\yc\Downloads\Fast-Quadric-Mesh-Simplification-master\src.dll\Debug\Project1.dll
